This is e-pTeX, Version 3.14159265-p3.8.2-190131-2.6 (utf8.sjis) (TeX Live 2019/W32TeX) (preloaded format=platex 2019.9.17)  2 MAR 2020 17:43
entering extended mode
 restricted \write18 enabled.
 %&-line parsing enabled.
**mthesis2020_kurachi.tex
(./mthesis2020_kurachi.tex
pLaTeX2e <2019-04-06> (based on LaTeX2e <2018-12-01>)
(c:/texlive/2019/texmf-dist/tex/latex/base/article.cls
Document Class: article 2018/09/03 v1.4i Standard LaTeX document class
(c:/texlive/2019/texmf-dist/tex/latex/base/size12.clo
File: size12.clo 2018/09/03 v1.4i Standard LaTeX file (size option)
)
\c@part=\count83
\c@section=\count84
\c@subsection=\count85
\c@subsubsection=\count86
\c@paragraph=\count87
\c@subparagraph=\count88
\c@figure=\count89
\c@table=\count90
\abovecaptionskip=\skip41
\belowcaptionskip=\skip42
\bibindent=\dimen118
)
(c:/texlive/2019/texmf-dist/tex/latex/base/inputenc.sty
Package: inputenc 2018/08/11 v1.3c Input encoding file
\inpenc@prehook=\toks15
\inpenc@posthook=\toks16
) (./naist-jmthesis.sty
Master's Thesis / Master's Report Style for Division of Information Science, Sc
ience and Technology, NAIST
(./naist-mcommon.sty
\nendo=\count91
\curmin=\count92
\hour=\count93
\onehour=\count94
\curhour=\count95
))
(c:/texlive/2019/texmf-dist/tex/latex/graphics/graphicx.sty
Package: graphicx 2017/06/01 v1.1a Enhanced LaTeX Graphics (DPC,SPQR)

(c:/texlive/2019/texmf-dist/tex/latex/graphics/keyval.sty
Package: keyval 2014/10/28 v1.15 key=value parser (DPC)
\KV@toks@=\toks17
)
(c:/texlive/2019/texmf-dist/tex/latex/graphics/graphics.sty
Package: graphics 2017/06/25 v1.2c Standard LaTeX Graphics (DPC,SPQR)

(c:/texlive/2019/texmf-dist/tex/latex/graphics/trig.sty
Package: trig 2016/01/03 v1.10 sin cos tan (DPC)
)
(c:/texlive/2019/texmf-dist/tex/latex/graphics-cfg/graphics.cfg
File: graphics.cfg 2016/06/04 v1.11 sample graphics configuration
)
Package graphics Info: Driver file: dvips.def on input line 99.

(c:/texlive/2019/texmf-dist/tex/latex/graphics-def/dvips.def
File: dvips.def 2017/06/20 v3.1d Graphics/color driver for dvips
))
\Gin@req@height=\dimen119
\Gin@req@width=\dimen120
)
(./mthesis2020_kurachi.aux)
\openout1 = `mthesis2020_kurachi.aux'.

LaTeX Font Info:    Checking defaults for OML/cmm/m/it on input line 325.
LaTeX Font Info:    ... okay on input line 325.
LaTeX Font Info:    Checking defaults for T1/cmr/m/n on input line 325.
LaTeX Font Info:    ... okay on input line 325.
LaTeX Font Info:    Checking defaults for OT1/cmr/m/n on input line 325.
LaTeX Font Info:    ... okay on input line 325.
LaTeX Font Info:    Checking defaults for OMS/cmsy/m/n on input line 325.
LaTeX Font Info:    ... okay on input line 325.
LaTeX Font Info:    Checking defaults for OMX/cmex/m/n on input line 325.
LaTeX Font Info:    ... okay on input line 325.
LaTeX Font Info:    Checking defaults for U/cmr/m/n on input line 325.
LaTeX Font Info:    ... okay on input line 325.
LaTeX Font Info:    Checking defaults for JY1/mc/m/n on input line 325.
LaTeX Font Info:    ... okay on input line 325.
LaTeX Font Info:    Checking defaults for JT1/mc/m/n on input line 325.
LaTeX Font Info:    ... okay on input line 325.
LaTeX Font Info:    Font shape `JT1/mc/bx/n' in size <17.28> not available
(Font)              Font shape `JT1/gt/m/n' tried instead on input line 329.
LaTeX Font Info:    Font shape `JY1/mc/bx/n' in size <17.28> not available
(Font)              Font shape `JY1/gt/m/n' tried instead on input line 329.
 [1

]
LaTeX Font Info:    External font `cmex10' loaded for size
(Font)              <12> on input line 330.
LaTeX Font Info:    External font `cmex10' loaded for size
(Font)              <8> on input line 330.
LaTeX Font Info:    External font `cmex10' loaded for size
(Font)              <6> on input line 330.
 [2]
LaTeX Font Info:    External font `cmex10' loaded for size
(Font)              <17.28> on input line 331.
LaTeX Font Info:    Try loading font information for OMS+cmr on input line 331.


(c:/texlive/2019/texmf-dist/tex/latex/base/omscmr.fd
File: omscmr.fd 2014/09/29 v2.5h Standard LaTeX font definitions
)
LaTeX Font Info:    Font shape `OMS/cmr/m/n' in size <12> not available
(Font)              Font shape `OMS/cmsy/m/n' tried instead on input line 331.
LaTeX Font Info:    External font `cmex10' loaded for size
(Font)              <7> on input line 331.
LaTeX Font Info:    External font `cmex10' loaded for size
(Font)              <5> on input line 331.
LaTeX Font Info:    Font shape `OMS/cmr/m/n' in size <7> not available
(Font)              Font shape `OMS/cmsy/m/n' tried instead on input line 331.
LaTeX Font Info:    Font shape `JT1/mc/bx/n' in size <12> not available
(Font)              Font shape `JT1/gt/m/n' tried instead on input line 331.
LaTeX Font Info:    Font shape `JY1/mc/bx/n' in size <12> not available
(Font)              Font shape `JY1/gt/m/n' tried instead on input line 331.
 [1] [2]
(./mthesis2020_kurachi.toc)
\tf@toc=\write3
\openout3 = `mthesis2020_kurachi.toc'.

 [3] (./mthesis2020_kurachi.lof)
\tf@lof=\write4
\openout4 = `mthesis2020_kurachi.lof'.


(./mthesis2020_kurachi.lot)
\tf@lot=\write5
\openout5 = `mthesis2020_kurachi.lot'.

 [4]
LaTeX Font Info:    Font shape `JT1/mc/bx/n' in size <14.4> not available
(Font)              Font shape `JT1/gt/m/n' tried instead on input line 361.
LaTeX Font Info:    Font shape `JY1/mc/bx/n' in size <14.4> not available
(Font)              Font shape `JY1/gt/m/n' tried instead on input line 361.


LaTeX Warning: Citation `alex_nips12' on page 1 undefined on input line 372.

[1] [2] [3] [4] [5] [6] [7]
No file mthesis2020_kurachi.bbl.
[8] (./mthesis2020_kurachi.aux)

LaTeX Warning: There were undefined references.

 ) 
Here is how much of TeX's memory you used:
 791 strings out of 493230
 9700 string characters out of 6147555
 81280 words of memory out of 5000000
 4809 multiletter control sequences out of 15000+600000
 14539 words of font info for 56 fonts, out of 8000000 for 9000
 929 hyphenation exceptions out of 8191
 26i,8n,20p,1410b,412s stack positions out of 5000i,500n,10000p,200000b,80000s

Output written on mthesis2020_kurachi.dvi (14 pages, 28600 bytes).
