This is e-pTeX, Version 3.14159265-p3.8.2-190131-2.6 (utf8.sjis) (TeX Live 2019/W32TeX) (preloaded format=platex 2019.9.17)  2 MAR 2020 18:11
entering extended mode
 restricted \write18 enabled.
 %&-line parsing enabled.
**naist-jmthesis.sty
(./naist-jmthesis.sty
pLaTeX2e <2019-04-06> (based on LaTeX2e <2018-12-01>)
Master's Thesis / Master's Report Style for Division of Information Science, Sc
ience and Technology, NAIST
(./naist-mcommon.sty
\nendo=\count83
\curmin=\count84
\hour=\count85
\onehour=\count86
\curhour=\count87


! LaTeX Error: Command \abstract undefined.

See the LaTeX manual or LaTeX Companion for explanation.
Type  H <return>  for immediate help.
 ...                                              
                                                  
l.295 \renewcommand{\abstract}
                              [1]{
? 
! Emergency stop.
 ...                                              
                                                  
l.295 \renewcommand{\abstract}
                              [1]{
Try typing  <return>  to proceed.
If that doesn't work, type  X <return>  to quit.

 
Here is how much of TeX's memory you used:
 123 strings out of 493230
 1377 string characters out of 6147555
 63679 words of memory out of 5000000
 4203 multiletter control sequences out of 15000+600000
 7511 words of font info for 31 fonts, out of 8000000 for 9000
 929 hyphenation exceptions out of 8191
 8i,0n,10p,259b,14s stack positions out of 5000i,500n,10000p,200000b,80000s
No pages of output.
